<?xml version="1.0" encoding="UTF-8"?>
<testsuite name="BMICTests datadriven" tests="2" errors="0" failures="0" skipped="0" time="0.224" timestamp="2025-04-14T04:23:25.578450">
<testcase classname="BMICTests datadriven" name="Valid BMI Calculations Using Template" time="0.090">
</testcase>
<testcase classname="BMICTests datadriven" name="Error Cases Using Template" time="0.071">
</testcase>
<properties>
<property name="Documentation" value="Data-driven tests for BMI calculator"/>
</properties>
</testsuite>
