<?xml version="1.0" encoding="UTF-8"?>
<testsuite name="BMICTests datadriven" tests="2" errors="0" failures="0" skipped="0" time="0.139" timestamp="2025-04-18T07:36:07.441717">
<testcase classname="BMICTests datadriven" name="Valid BMI Calculations Using Template" time="0.035">
</testcase>
<testcase classname="BMICTests datadriven" name="Error Cases Using Template" time="0.043">
</testcase>
<properties>
<property name="Documentation" value="Data-driven tests for BMI calculator"/>
</properties>
</testsuite>
